[17:56:28.898 Verbose] - BuildManager - System.IO.FileNotFoundException: Could not find file 'C:\Users\user\Source\Repos\SoftwareTestingProject\UserAdministration\.vs\UserAdministration\v16\lut\0\b\UserAdministration\bin\Debug\netcoreapp3.1\UserAdministration.dll'.
File name: 'C:\Users\user\Source\Repos\SoftwareTestingProject\UserAdministration\.vs\UserAdministration\v16\lut\0\b\UserAdministration\bin\Debug\netcoreapp3.1\UserAdministration.dll'
   at System.IO.__Error.WinIOError(Int32 errorCode, String maybeFullPath)
   at System.IO.FileStream.Init(String path, FileMode mode, FileAccess access, Int32 rights, Boolean useRights, FileShare share, Int32 bufferSize, FileOptions options, SECURITY_ATTRIBUTES secAttrs, String msgPath, Boolean bFromProxy, Boolean useLongPath, Boolean checkHost)
   at System.IO.FileStream..ctor(String path, FileMode mode, FileAccess access, FileShare share)
   at Roslyn.Utilities.FileUtilities.OpenFileStream(String path)
   at Microsoft.CodeAnalysis.MetadataReference.CreateFromFile(String path, MetadataReferenceProperties properties, DocumentationProvider documentation)
   at Microsoft.CodeAnalysis.LiveUnitTesting.BuildManagement.Legacy.CompilationComparer.TryGetReference(CommandLineReference commandLineReference, Logger logger, MetadataReference& reference)
[17:56:29.042 Verbose] - BuildManager - C:\Users\user\Source\Repos\SoftwareTestingProject\UserAdministration\UserAdministration.Test\EmployeeTests.cs(7,26): error CS0234: The type or namespace name 'Data' does not exist in the namespace 'UserAdministration' (are you missing an assembly reference?)
[17:56:29.042 Verbose] - BuildManager - C:\Users\user\Source\Repos\SoftwareTestingProject\UserAdministration\UserAdministration.Test\EmployeeTests.cs(17,13): error CS0246: The type or namespace name 'Employee' could not be found (are you missing a using directive or an assembly reference?)
[17:56:29.042 Verbose] - BuildManager - C:\Users\user\Source\Repos\SoftwareTestingProject\UserAdministration\UserAdministration.Test\EmployeeTests.cs(17,40): error CS0246: The type or namespace name 'Employee' could not be found (are you missing a using directive or an assembly reference?)
[17:56:29.042 Verbose] - BuildManager - C:\Users\user\Source\Repos\SoftwareTestingProject\UserAdministration\UserAdministration.Test\EmployeeTests.cs(40,13): error CS0246: The type or namespace name 'Employee' could not be found (are you missing a using directive or an assembly reference?)
[17:56:29.042 Verbose] - BuildManager - C:\Users\user\Source\Repos\SoftwareTestingProject\UserAdministration\UserAdministration.Test\EmployeeTests.cs(40,40): error CS0246: The type or namespace name 'Employee' could not be found (are you missing a using directive or an assembly reference?)
[17:56:29.042 Verbose] - BuildManager - C:\Users\user\Source\Repos\SoftwareTestingProject\UserAdministration\UserAdministration.Test\EmployeeTests.cs(62,23): error CS0103: The name 'Employee' does not exist in the current context
[17:56:29.042 Verbose] - BuildManager - C:\Users\user\Source\Repos\SoftwareTestingProject\UserAdministration\UserAdministration.Test\EmployeeTests.cs(63,13): error CS0246: The type or namespace name 'Employee' could not be found (are you missing a using directive or an assembly reference?)
[17:56:29.042 Verbose] - BuildManager - C:\Users\user\Source\Repos\SoftwareTestingProject\UserAdministration\UserAdministration.Test\EmployeeTests.cs(63,40): error CS0246: The type or namespace name 'Employee' could not be found (are you missing a using directive or an assembly reference?)
[17:56:29.042 Verbose] - BuildManager - C:\Users\user\Source\Repos\SoftwareTestingProject\UserAdministration\UserAdministration.Test\EmployeeTests.cs(73,13): error CS0103: The name 'Employee' does not exist in the current context
[17:56:29.042 Verbose] - BuildManager - C:\Users\user\Source\Repos\SoftwareTestingProject\UserAdministration\UserAdministration.Test\EmployeeTests.cs(74,26): error CS0103: The name 'Employee' does not exist in the current context
[17:56:29.042 Verbose] - BuildManager - C:\Users\user\Source\Repos\SoftwareTestingProject\UserAdministration\UserAdministration.Test\EmployeeTests.cs(86,13): error CS0246: The type or namespace name 'Employee' could not be found (are you missing a using directive or an assembly reference?)
[17:56:29.042 Verbose] - BuildManager - C:\Users\user\Source\Repos\SoftwareTestingProject\UserAdministration\UserAdministration.Test\EmployeeTests.cs(86,40): error CS0246: The type or namespace name 'Employee' could not be found (are you missing a using directive or an assembly reference?)
[17:56:29.042 Verbose] - BuildManager - C:\Users\user\Source\Repos\SoftwareTestingProject\UserAdministration\UserAdministration.Test\EmployeeTests.cs(96,13): error CS0103: The name 'Employee' does not exist in the current context
[17:56:29.042 Verbose] - BuildManager - C:\Users\user\Source\Repos\SoftwareTestingProject\UserAdministration\UserAdministration.Test\EmployeeTests.cs(97,26): error CS0103: The name 'Employee' does not exist in the current context
[17:56:29.042 Verbose] - BuildManager - C:\Users\user\Source\Repos\SoftwareTestingProject\UserAdministration\UserAdministration.Test\EmployeeTests.cs(111,41): error CS0246: The type or namespace name 'Employee' could not be found (are you missing a using directive or an assembly reference?)
[17:56:29.042 Verbose] - BuildManager - C:\Users\user\Source\Repos\SoftwareTestingProject\UserAdministration\UserAdministration.Test\EmployeeTests.cs(113,13): error CS0246: The type or namespace name 'Employee' could not be found (are you missing a using directive or an assembly reference?)
[17:56:29.042 Verbose] - BuildManager - C:\Users\user\Source\Repos\SoftwareTestingProject\UserAdministration\UserAdministration.Test\EmployeeTests.cs(113,40): error CS0246: The type or namespace name 'Employee' could not be found (are you missing a using directive or an assembly reference?)
[17:56:29.042 Verbose] - BuildManager - C:\Users\user\Source\Repos\SoftwareTestingProject\UserAdministration\UserAdministration.Test\EmployeeTests.cs(124,13): error CS0246: The type or namespace name 'Employee' could not be found (are you missing a using directive or an assembly reference?)
[17:56:29.042 Verbose] - BuildManager - C:\Users\user\Source\Repos\SoftwareTestingProject\UserAdministration\UserAdministration.Test\EmployeeTests.cs(124,41): error CS0246: The type or namespace name 'Employee' could not be found (are you missing a using directive or an assembly reference?)
[17:56:29.042 Verbose] - BuildManager - C:\Users\user\Source\Repos\SoftwareTestingProject\UserAdministration\UserAdministration.Test\EmployeeTests.cs(141,26): error CS0103: The name 'Employee' does not exist in the current context
[17:56:29.042 Verbose] - BuildManager - C:\Users\user\Source\Repos\SoftwareTestingProject\UserAdministration\UserAdministration.Test\EmployeeTests.cs(152,41): error CS0246: The type or namespace name 'Employee' could not be found (are you missing a using directive or an assembly reference?)
[17:56:29.042 Verbose] - BuildManager - C:\Users\user\Source\Repos\SoftwareTestingProject\UserAdministration\UserAdministration.Test\EmployeeTests.cs(154,13): error CS0246: The type or namespace name 'Employee' could not be found (are you missing a using directive or an assembly reference?)
[17:56:29.042 Verbose] - BuildManager - C:\Users\user\Source\Repos\SoftwareTestingProject\UserAdministration\UserAdministration.Test\EmployeeTests.cs(154,40): error CS0246: The type or namespace name 'Employee' could not be found (are you missing a using directive or an assembly reference?)
[17:56:29.042 Verbose] - BuildManager - C:\Users\user\Source\Repos\SoftwareTestingProject\UserAdministration\UserAdministration.Test\EmployeeTests.cs(165,13): error CS0246: The type or namespace name 'Employee' could not be found (are you missing a using directive or an assembly reference?)
[17:56:29.042 Verbose] - BuildManager - C:\Users\user\Source\Repos\SoftwareTestingProject\UserAdministration\UserAdministration.Test\EmployeeTests.cs(165,41): error CS0246: The type or namespace name 'Employee' could not be found (are you missing a using directive or an assembly reference?)
[17:56:29.042 Verbose] - BuildManager - C:\Users\user\Source\Repos\SoftwareTestingProject\UserAdministration\UserAdministration.Test\EmployeeTests.cs(182,26): error CS0103: The name 'Employee' does not exist in the current context
[17:56:29.043 Verbose] - BuildManager - C:\Program Files (x86)\Microsoft Visual Studio\2019\Enterprise\MSBuild\Current\Bin\Roslyn\Microsoft.CSharp.Core.targets(71,5): error MSB4181: The "Csc" task returned false but did not log an error.
[17:56:29.059 Verbose] - BuildManager - Some of the file paths defined in the csproj under the Live Unit Testing build path are missing. Verify whether these files should be present under the Live Unit Testing build path and if necessary update the csproj definition to look these files up in a different place.
[17:56:29.059 Verbose] - BuildManager - Item _OutputPathItem 'C:\Users\user\Source\Repos\SoftwareTestingProject\UserAdministration\.vs\UserAdministration\v16\lut\0\b\UserAdministration.Test\Debug\net5.0\' evaluated via:
_OutputPathItem: '$(OutDir)' @ C:\Program Files (x86)\Microsoft Visual Studio\2019\Enterprise\MSBuild\Current\Bin\Microsoft.Common.CurrentVersion.targets:309
  OutDir: '$([MSBuild]::EnsureTrailingSlash($([MSBuild]::ValueOrDefault('$(OutDir)', '$(OutputPath)'))))' @ C:\Program Files (x86)\Microsoft Visual Studio\2019\Enterprise\MSBuild\Current\Bin\Microsoft.Common.CurrentVersion.targets:230
    OutDir: '[Undefined]'
    OutputPath: '$([MSBuild]::EnsureTrailingSlash('$(OutputPath)'))' @ C:\Program Files (x86)\Microsoft Visual Studio\2019\Enterprise\MSBuild\Current\Bin\Microsoft.Common.CurrentVersion.targets:157
      OutputPath: '$(OutputPath)$(TargetFramework.ToLowerInvariant())\' @ C:\Program Files\dotnet\sdk\5.0.200\Sdks\Microsoft.NET.Sdk\targets\Microsoft.NET.TargetFrameworkInference.targets:242
        OutputPath: '$(BaseOutputPath)$(Configuration)\' @ C:\Program Files\dotnet\sdk\5.0.200\Sdks\Microsoft.NET.Sdk\targets\Microsoft.NET.DefaultOutputPaths.targets:33
          BaseOutputPath: 'C:\Users\user\Source\Repos\SoftwareTestingProject\UserAdministration\.vs\UserAdministration\v16\lut\0\b\UserAdministration.Test\' @ C:\Users\user\Source\Repos\SoftwareTestingProject\UserAdministration\UserAdministration.Test\UserAdministration.Test.csproj:0
          Configuration: 'Debug'
[17:56:29.060 Verbose] - BuildManager - Item AppConfigFileDestination 'C:\Users\user\Source\Repos\SoftwareTestingProject\UserAdministration\.vs\UserAdministration\v16\lut\0\b\UserAdministration.Test\Debug\net5.0\UserAdministration.Test.dll.config' evaluated via:
AppConfigFileDestination: '$(OutDir)$(TargetFileName).config' @ C:\Program Files (x86)\Microsoft Visual Studio\2019\Enterprise\MSBuild\Current\Bin\Microsoft.Common.CurrentVersion.targets:337
  OutDir: '$([MSBuild]::EnsureTrailingSlash($([MSBuild]::ValueOrDefault('$(OutDir)', '$(OutputPath)'))))' @ C:\Program Files (x86)\Microsoft Visual Studio\2019\Enterprise\MSBuild\Current\Bin\Microsoft.Common.CurrentVersion.targets:230
    OutDir: '[Undefined]'
    OutputPath: '$([MSBuild]::EnsureTrailingSlash('$(OutputPath)'))' @ C:\Program Files (x86)\Microsoft Visual Studio\2019\Enterprise\MSBuild\Current\Bin\Microsoft.Common.CurrentVersion.targets:157
      OutputPath: '$(OutputPath)$(TargetFramework.ToLowerInvariant())\' @ C:\Program Files\dotnet\sdk\5.0.200\Sdks\Microsoft.NET.Sdk\targets\Microsoft.NET.TargetFrameworkInference.targets:242
        OutputPath: '$(BaseOutputPath)$(Configuration)\' @ C:\Program Files\dotnet\sdk\5.0.200\Sdks\Microsoft.NET.Sdk\targets\Microsoft.NET.DefaultOutputPaths.targets:33
          BaseOutputPath: 'C:\Users\user\Source\Repos\SoftwareTestingProject\UserAdministration\.vs\UserAdministration\v16\lut\0\b\UserAdministration.Test\' @ C:\Users\user\Source\Repos\SoftwareTestingProject\UserAdministration\UserAdministration.Test\UserAdministration.Test.csproj:0
          Configuration: 'Debug'
  TargetFileName: '$(TargetName)$(TargetExt)' @ C:\Program Files (x86)\Microsoft Visual Studio\2019\Enterprise\MSBuild\Current\Bin\Microsoft.Common.CurrentVersion.targets:247
    TargetName: '$(AssemblyName)' @ C:\Program Files (x86)\Microsoft Visual Studio\2019\Enterprise\MSBuild\Current\Bin\Microsoft.Common.CurrentVersion.targets:239
      AssemblyName: '$(MSBuildProjectName)' @ C:\Program Files\dotnet\sdk\5.0.200\Sdks\Microsoft.NET.Sdk\targets\Microsoft.NET.Sdk.props:32
        MSBuildProjectName: 'UserAdministration.Test'
    TargetExt: '.dll' @ C:\Program Files\dotnet\sdk\5.0.200\Sdks\Microsoft.NET.Sdk\targets\Microsoft.NET.Sdk.BeforeCommon.targets:101
[17:56:29.061 Verbose] - BuildManager - Item CreateDirectory 'C:\Users\user\Source\Repos\SoftwareTestingProject\UserAdministration\.vs\UserAdministration\v16\lut\0\b\UserAdministration.Test\Debug\net5.0\ref' evaluated via:
CreateDirectory: '$(OutDir)ref' @ C:\Program Files (x86)\Microsoft Visual Studio\2019\Enterprise\MSBuild\Current\Bin\Microsoft.Common.CurrentVersion.targets:394
  OutDir: '$([MSBuild]::EnsureTrailingSlash($([MSBuild]::ValueOrDefault('$(OutDir)', '$(OutputPath)'))))' @ C:\Program Files (x86)\Microsoft Visual Studio\2019\Enterprise\MSBuild\Current\Bin\Microsoft.Common.CurrentVersion.targets:230
    OutDir: '[Undefined]'
    OutputPath: '$([MSBuild]::EnsureTrailingSlash('$(OutputPath)'))' @ C:\Program Files (x86)\Microsoft Visual Studio\2019\Enterprise\MSBuild\Current\Bin\Microsoft.Common.CurrentVersion.targets:157
      OutputPath: '$(OutputPath)$(TargetFramework.ToLowerInvariant())\' @ C:\Program Files\dotnet\sdk\5.0.200\Sdks\Microsoft.NET.Sdk\targets\Microsoft.NET.TargetFrameworkInference.targets:242
        OutputPath: '$(BaseOutputPath)$(Configuration)\' @ C:\Program Files\dotnet\sdk\5.0.200\Sdks\Microsoft.NET.Sdk\targets\Microsoft.NET.DefaultOutputPaths.targets:33
          BaseOutputPath: 'C:\Users\user\Source\Repos\SoftwareTestingProject\UserAdministration\.vs\UserAdministration\v16\lut\0\b\UserAdministration.Test\' @ C:\Users\user\Source\Repos\SoftwareTestingProject\UserAdministration\UserAdministration.Test\UserAdministration.Test.csproj:0
          Configuration: 'Debug'
[17:56:29.061 Verbose] - BuildManager - Item _DebugSymbolsOutputPath 'C:\Users\user\Source\Repos\SoftwareTestingProject\UserAdministration\.vs\UserAdministration\v16\lut\0\b\UserAdministration.Test\Debug\net5.0\UserAdministration.Test.pdb' evaluated via:
_DebugSymbolsOutputPath: '@(_DebugSymbolsIntermediatePath->'$(OutDir)%(Filename)%(Extension)')' @ C:\Program Files (x86)\Microsoft Visual Studio\2019\Enterprise\MSBuild\Current\Bin\Microsoft.Common.CurrentVersion.targets:400
  OutDir: '$([MSBuild]::EnsureTrailingSlash($([MSBuild]::ValueOrDefault('$(OutDir)', '$(OutputPath)'))))' @ C:\Program Files (x86)\Microsoft Visual Studio\2019\Enterprise\MSBuild\Current\Bin\Microsoft.Common.CurrentVersion.targets:230
    OutDir: '[Undefined]'
    OutputPath: '$([MSBuild]::EnsureTrailingSlash('$(OutputPath)'))' @ C:\Program Files (x86)\Microsoft Visual Studio\2019\Enterprise\MSBuild\Current\Bin\Microsoft.Common.CurrentVersion.targets:157
      OutputPath: '$(OutputPath)$(TargetFramework.ToLowerInvariant())\' @ C:\Program Files\dotnet\sdk\5.0.200\Sdks\Microsoft.NET.Sdk\targets\Microsoft.NET.TargetFrameworkInference.targets:242
        OutputPath: '$(BaseOutputPath)$(Configuration)\' @ C:\Program Files\dotnet\sdk\5.0.200\Sdks\Microsoft.NET.Sdk\targets\Microsoft.NET.DefaultOutputPaths.targets:33
          BaseOutputPath: 'C:\Users\user\Source\Repos\SoftwareTestingProject\UserAdministration\.vs\UserAdministration\v16\lut\0\b\UserAdministration.Test\' @ C:\Users\user\Source\Repos\SoftwareTestingProject\UserAdministration\UserAdministration.Test\UserAdministration.Test.csproj:0
          Configuration: 'Debug'
[17:56:29.062 Verbose] - BuildManager - Item _ApplicationManifestFinal 'C:\Users\user\Source\Repos\SoftwareTestingProject\UserAdministration\.vs\UserAdministration\v16\lut\0\b\UserAdministration.Test\Debug\net5.0\Native.UserAdministration.Test.manifest' evaluated via:
_ApplicationManifestFinal: '$(OutDir)$(_DeploymentTargetApplicationManifestFileName)' @ C:\Program Files (x86)\Microsoft Visual Studio\2019\Enterprise\MSBuild\Current\Bin\Microsoft.Common.CurrentVersion.targets:438
  OutDir: '$([MSBuild]::EnsureTrailingSlash($([MSBuild]::ValueOrDefault('$(OutDir)', '$(OutputPath)'))))' @ C:\Program Files (x86)\Microsoft Visual Studio\2019\Enterprise\MSBuild\Current\Bin\Microsoft.Common.CurrentVersion.targets:230
    OutDir: '[Undefined]'
    OutputPath: '$([MSBuild]::EnsureTrailingSlash('$(OutputPath)'))' @ C:\Program Files (x86)\Microsoft Visual Studio\2019\Enterprise\MSBuild\Current\Bin\Microsoft.Common.CurrentVersion.targets:157
      OutputPath: '$(OutputPath)$(TargetFramework.ToLowerInvariant())\' @ C:\Program Files\dotnet\sdk\5.0.200\Sdks\Microsoft.NET.Sdk\targets\Microsoft.NET.TargetFrameworkInference.targets:242
        OutputPath: '$(BaseOutputPath)$(Configuration)\' @ C:\Program Files\dotnet\sdk\5.0.200\Sdks\Microsoft.NET.Sdk\targets\Microsoft.NET.DefaultOutputPaths.targets:33
          BaseOutputPath: 'C:\Users\user\Source\Repos\SoftwareTestingProject\UserAdministration\.vs\UserAdministration\v16\lut\0\b\UserAdministration.Test\' @ C:\Users\user\Source\Repos\SoftwareTestingProject\UserAdministration\UserAdministration.Test\UserAdministration.Test.csproj:0
          Configuration: 'Debug'
  _DeploymentTargetApplicationManifestFileName: 'Native.$(AssemblyName).manifest' @ C:\Program Files (x86)\Microsoft Visual Studio\2019\Enterprise\MSBuild\Current\Bin\Microsoft.Common.CurrentVersion.targets:263
    AssemblyName: '$(MSBuildProjectName)' @ C:\Program Files\dotnet\sdk\5.0.200\Sdks\Microsoft.NET.Sdk\targets\Microsoft.NET.Sdk.props:32
      MSBuildProjectName: 'UserAdministration.Test'
